Using service account: firebase-adminsdk-fbsvc@sports-card-analyzer.iam.gserviceaccount.com
Firebase Admin initialized successfully with local file
GOOGLE_APPLICATION_CREDENTIALS set to /Users/jordanreedlinford/Desktop/sports-card-starter/server/credentials/service-account.json
Google Vision client initialised
node:events:485
      throw er; // Unhandled 'error' event
      ^

Error: listen EADDRINUSE: address already in use :::3001
    at Server.setupListenHandle [as _listen2] (node:net:1939:16)
    at listenInCluster (node:net:1996:12)
    at Server.listen (node:net:2101:7)
    at Function.listen (/Users/jordanreedlinford/Desktop/sports-card-starter/server/node_modules/express/lib/application.js:635:24)
    at file:///Users/jordanreedlinford/Desktop/sports-card-starter/server/index.js:272:5
    at ModuleJob.run (node:internal/modules/esm/module_job:274:25)
    at async onImport.tracePromise.__proto__ (node:internal/modules/esm/loader:644:26)
    at async asyncRunEntryPointWithESMLoader (node:internal/modules/run_main:98:5)
Emitted 'error' event on Server instance at:
    at emitErrorNT (node:net:1975:8)
    at process.processTicksAndRejections (node:internal/process/task_queues:90:21) {
  code: 'EADDRINUSE',
  errno: -48,
  syscall: 'listen',
  address: '::',
  port: 3001
}

Node.js v23.10.0
